0 info it worked if it ends with ok
1 verbose cli [ 'C:\\Program Files\\nodejs\\node.exe',
1 verbose cli   'C:\\Users\\Sergei_Ignatev\\AppData\\Roaming\\npm\\node_modules\\npm\\bin\\npm-cli.js',
1 verbose cli   'run',
1 verbose cli   'build' ]
2 info using npm@4.0.3
3 info using node@v7.2.1
4 verbose run-script [ 'prebuild', 'build', 'postbuild' ]
5 info lifecycle angular2-webpack-starter@5.1.1~prebuild: angular2-webpack-starter@5.1.1
6 silly lifecycle angular2-webpack-starter@5.1.1~prebuild: no script for prebuild, continuing
7 info lifecycle angular2-webpack-starter@5.1.1~build: angular2-webpack-starter@5.1.1
8 verbose lifecycle angular2-webpack-starter@5.1.1~build: unsafe-perm in lifecycle true
9 verbose lifecycle angular2-webpack-starter@5.1.1~build: PATH: C:\Users\Sergei_Ignatev\AppData\Roaming\npm\node_modules\npm\bin\node-gyp-bin;D:\testprojects\angproject\node_modules\.bin;C:\Users\Sergei_Ignatev\bin;C:\Program Files\Git\mingw64\bin;C:\Program Files\Git\usr\local\bin;C:\Program Files\Git\usr\bin;C:\Program Files\Git\usr\bin;C:\Program Files\Git\mingw64\bin;C:\Program Files\Git\usr\bin;C:\Users\Sergei_Ignatev\bin;C:\ProgramData\Oracle\Java\javapath;C:\WINDOWS\system32;C:\WINDOWS;C:\WINDOWS\System32\Wbem;C:\WINDOWS\System32\WindowsPowerShell\v1.0;C:\Program Files\TortoiseSVN\bin;C:\Program Files (x86)\Skype\Phone;C:\Program Files\Microsoft SQL Server\120\DTS\Binn;C:\Program Files\Microsoft SQL Server\Client SDK\ODBC\110\Tools\Binn;C:\Program Files (x86)\Microsoft SQL Server\120\Tools\Binn;C:\Program Files\Microsoft SQL Server\120\Tools\Binn;C:\Program Files (x86)\Microsoft SQL Server\120\Tools\Binn\ManagementStudio;C:\Program Files (x86)\Microsoft SQL Server\120\DTS\Binn;C:\Program Files\nodejs;C:\Program Files (x86)\GitExtensions;C:\Program Files\Microsoft SQL Server\130\Tools\Binn;C:\Program Files\dotnet;C:\Program Files (x86)\Windows Kits\10\Windows Performance Toolkit;C:\Users\Sergei_Ignatev\AppData\Roaming\npm;C:\Program Files\Git\usr\bin\vendor_perl;C:\Program Files\Git\usr\bin\core_perl
10 verbose lifecycle angular2-webpack-starter@5.1.1~build: CWD: D:\testprojects\angproject
11 silly lifecycle angular2-webpack-starter@5.1.1~build: Args: [ '/d /s /c', 'npm run build:dev' ]
12 silly lifecycle angular2-webpack-starter@5.1.1~build: Returned: code: 1  signal: null
13 info lifecycle angular2-webpack-starter@5.1.1~build: Failed to exec build script
14 verbose stack Error: angular2-webpack-starter@5.1.1 build: `npm run build:dev`
14 verbose stack Exit status 1
14 verbose stack     at EventEmitter.<anonymous> (C:\Users\Sergei_Ignatev\AppData\Roaming\npm\node_modules\npm\lib\utils\lifecycle.js:279:16)
14 verbose stack     at emitTwo (events.js:106:13)
14 verbose stack     at EventEmitter.emit (events.js:191:7)
14 verbose stack     at ChildProcess.<anonymous> (C:\Users\Sergei_Ignatev\AppData\Roaming\npm\node_modules\npm\lib\utils\spawn.js:40:14)
14 verbose stack     at emitTwo (events.js:106:13)
14 verbose stack     at ChildProcess.emit (events.js:191:7)
14 verbose stack     at maybeClose (internal/child_process.js:885:16)
14 verbose stack     at Process.ChildProcess._handle.onexit (internal/child_process.js:226:5)
15 verbose pkgid angular2-webpack-starter@5.1.1
16 verbose cwd D:\testprojects\angproject\dist
17 error Windows_NT 10.0.10586
18 error argv "C:\\Program Files\\nodejs\\node.exe" "C:\\Users\\Sergei_Ignatev\\AppData\\Roaming\\npm\\node_modules\\npm\\bin\\npm-cli.js" "run" "build"
19 error node v7.2.1
20 error npm  v4.0.3
21 error code ELIFECYCLE
22 error angular2-webpack-starter@5.1.1 build: `npm run build:dev`
22 error Exit status 1
23 error Failed at the angular2-webpack-starter@5.1.1 build script 'npm run build:dev'.
23 error Make sure you have the latest version of node.js and npm installed.
23 error If you do, this is most likely a problem with the angular2-webpack-starter package,
23 error not with npm itself.
23 error Tell the author that this fails on your system:
23 error     npm run build:dev
23 error You can get information on how to open an issue for this project with:
23 error     npm bugs angular2-webpack-starter
23 error Or if that isn't available, you can get their info via:
23 error     npm owner ls angular2-webpack-starter
23 error There is likely additional logging output above.
24 verbose exit [ 1, true ]
